{"/Users/andremello/Documents/SCM/github/andremello/clean-arch-typescript/dist/src/adapter/ParkingLotAdapter.js": {"path":"/Users/andremello/Documents/SCM/github/andremello/clean-arch-typescript/dist/src/adapter/ParkingLotAdapter.js","statementMap":{"0":{"start":{"line":2,"column":22},"end":{"line":4,"column":1}},"1":{"start":{"line":3,"column":4},"end":{"line":3,"column":62}},"2":{"start":{"line":5,"column":0},"end":{"line":5,"column":62}},"3":{"start":{"line":6,"column":21},"end":{"line":6,"column":74}},"4":{"start":{"line":9,"column":8},"end":{"line":9,"column":93}},"5":{"start":{"line":12,"column":0},"end":{"line":12,"column":36}}},"fnMap":{"0":{"name":"(anonymous_0)","decl":{"start":{"line":2,"column":56},"end":{"line":2,"column":57}},"loc":{"start":{"line":2,"column":71},"end":{"line":4,"column":1}},"line":2},"1":{"name":"(anonymous_1)","decl":{"start":{"line":8,"column":4},"end":{"line":8,"column":5}},"loc":{"start":{"line":8,"column":71},"end":{"line":10,"column":5}},"line":8}},"branchMap":{"0":{"loc":{"start":{"line":2,"column":22},"end":{"line":4,"column":1}},"type":"binary-expr","locations":[{"start":{"line":2,"column":23},"end":{"line":2,"column":27}},{"start":{"line":2,"column":31},"end":{"line":2,"column":51}},{"start":{"line":2,"column":56},"end":{"line":4,"column":1}}],"line":2},"1":{"loc":{"start":{"line":3,"column":11},"end":{"line":3,"column":61}},"type":"cond-expr","locations":[{"start":{"line":3,"column":37},"end":{"line":3,"column":40}},{"start":{"line":3,"column":43},"end":{"line":3,"column":61}}],"line":3},"2":{"loc":{"start":{"line":3,"column":12},"end":{"line":3,"column":33}},"type":"binary-expr","locations":[{"start":{"line":3,"column":12},"end":{"line":3,"column":15}},{"start":{"line":3,"column":19},"end":{"line":3,"column":33}}],"line":3}},"s":{"0":1,"1":1,"2":1,"3":1,"4":3,"5":1},"f":{"0":1,"1":3},"b":{"0":[1,1,1],"1":[1,0],"2":[1,1]},"_coverageSchema":"1a1c01bbd47fc00a2c39e90264f33305004495a9","hash":"c3a2c253cc93a67ba1433bd46737076a909448fb"}
,"/Users/andremello/Documents/SCM/github/andremello/clean-arch-typescript/dist/src/core/entity/ParkedCar.js": {"path":"/Users/andremello/Documents/SCM/github/andremello/clean-arch-typescript/dist/src/core/entity/ParkedCar.js","statementMap":{"0":{"start":{"line":2,"column":0},"end":{"line":2,"column":62}},"1":{"start":{"line":5,"column":8},"end":{"line":6,"column":45}},"2":{"start":{"line":6,"column":12},"end":{"line":6,"column":45}},"3":{"start":{"line":7,"column":8},"end":{"line":7,"column":25}},"4":{"start":{"line":8,"column":8},"end":{"line":8,"column":27}},"5":{"start":{"line":9,"column":8},"end":{"line":9,"column":25}},"6":{"start":{"line":12,"column":0},"end":{"line":12,"column":28}}},"fnMap":{"0":{"name":"(anonymous_0)","decl":{"start":{"line":4,"column":4},"end":{"line":4,"column":5}},"loc":{"start":{"line":4,"column":35},"end":{"line":10,"column":5}},"line":4}},"branchMap":{"0":{"loc":{"start":{"line":5,"column":8},"end":{"line":6,"column":45}},"type":"if","locations":[{"start":{"line":5,"column":8},"end":{"line":6,"column":45}},{"start":{},"end":{}}],"line":5}},"s":{"0":1,"1":1,"2":0,"3":1,"4":1,"5":1,"6":1},"f":{"0":1},"b":{"0":[0,1]},"_coverageSchema":"1a1c01bbd47fc00a2c39e90264f33305004495a9","hash":"b4aa39dcad317d61a873cfc59ade2b9d4cad4b99"}
,"/Users/andremello/Documents/SCM/github/andremello/clean-arch-typescript/dist/src/core/entity/ParkingLot.js": {"path":"/Users/andremello/Documents/SCM/github/andremello/clean-arch-typescript/dist/src/core/entity/ParkingLot.js","statementMap":{"0":{"start":{"line":2,"column":0},"end":{"line":2,"column":62}},"1":{"start":{"line":5,"column":8},"end":{"line":5,"column":25}},"2":{"start":{"line":6,"column":8},"end":{"line":6,"column":33}},"3":{"start":{"line":7,"column":8},"end":{"line":7,"column":33}},"4":{"start":{"line":8,"column":8},"end":{"line":8,"column":35}},"5":{"start":{"line":9,"column":8},"end":{"line":9,"column":45}},"6":{"start":{"line":12,"column":21},"end":{"line":12,"column":36}},"7":{"start":{"line":13,"column":8},"end":{"line":13,"column":65}},"8":{"start":{"line":16,"column":8},"end":{"line":16,"column":53}},"9":{"start":{"line":19,"column":0},"end":{"line":19,"column":29}}},"fnMap":{"0":{"name":"(anonymous_0)","decl":{"start":{"line":4,"column":4},"end":{"line":4,"column":5}},"loc":{"start":{"line":4,"column":69},"end":{"line":10,"column":5}},"line":4},"1":{"name":"(anonymous_1)","decl":{"start":{"line":11,"column":4},"end":{"line":11,"column":5}},"loc":{"start":{"line":11,"column":17},"end":{"line":14,"column":5}},"line":11},"2":{"name":"(anonymous_2)","decl":{"start":{"line":15,"column":4},"end":{"line":15,"column":5}},"loc":{"start":{"line":15,"column":13},"end":{"line":17,"column":5}},"line":15}},"branchMap":{"0":{"loc":{"start":{"line":13,"column":16},"end":{"line":13,"column":63}},"type":"binary-expr","locations":[{"start":{"line":13,"column":16},"end":{"line":13,"column":37}},{"start":{"line":13,"column":41},"end":{"line":13,"column":63}}],"line":13}},"s":{"0":1,"1":3,"2":3,"3":3,"4":3,"5":3,"6":1,"7":1,"8":1,"9":1},"f":{"0":3,"1":1,"2":1},"b":{"0":[1,1]},"_coverageSchema":"1a1c01bbd47fc00a2c39e90264f33305004495a9","hash":"c53df668ce465475459e9e4f212e1d6e9810be3e"}
,"/Users/andremello/Documents/SCM/github/andremello/clean-arch-typescript/dist/src/core/usecase/EnterParkingLot.js": {"path":"/Users/andremello/Documents/SCM/github/andremello/clean-arch-typescript/dist/src/core/usecase/EnterParkingLot.js","statementMap":{"0":{"start":{"line":2,"column":16},"end":{"line":10,"column":1}},"1":{"start":{"line":3,"column":28},"end":{"line":3,"column":110}},"2":{"start":{"line":3,"column":91},"end":{"line":3,"column":106}},"3":{"start":{"line":4,"column":4},"end":{"line":9,"column":7}},"4":{"start":{"line":5,"column":36},"end":{"line":5,"column":97}},"5":{"start":{"line":5,"column":42},"end":{"line":5,"column":70}},"6":{"start":{"line":5,"column":85},"end":{"line":5,"column":95}},"7":{"start":{"line":6,"column":35},"end":{"line":6,"column":100}},"8":{"start":{"line":6,"column":41},"end":{"line":6,"column":73}},"9":{"start":{"line":6,"column":88},"end":{"line":6,"column":98}},"10":{"start":{"line":7,"column":32},"end":{"line":7,"column":116}},"11":{"start":{"line":8,"column":8},"end":{"line":8,"column":78}},"12":{"start":{"line":11,"column":22},"end":{"line":13,"column":1}},"13":{"start":{"line":12,"column":4},"end":{"line":12,"column":62}},"14":{"start":{"line":14,"column":0},"end":{"line":14,"column":62}},"15":{"start":{"line":15,"column":20},"end":{"line":15,"column":67}},"16":{"start":{"line":18,"column":8},"end":{"line":18,"column":57}},"17":{"start":{"line":21,"column":8},"end":{"line":30,"column":11}},"18":{"start":{"line":22,"column":31},"end":{"line":22,"column":82}},"19":{"start":{"line":23,"column":30},"end":{"line":23,"column":72}},"20":{"start":{"line":24,"column":12},"end":{"line":25,"column":61}},"21":{"start":{"line":25,"column":16},"end":{"line":25,"column":61}},"22":{"start":{"line":26,"column":12},"end":{"line":27,"column":59}},"23":{"start":{"line":27,"column":16},"end":{"line":27,"column":59}},"24":{"start":{"line":28,"column":12},"end":{"line":28,"column":77}},"25":{"start":{"line":29,"column":12},"end":{"line":29,"column":30}},"26":{"start":{"line":33,"column":0},"end":{"line":33,"column":34}}},"fnMap":{"0":{"name":"(anonymous_0)","decl":{"start":{"line":2,"column":44},"end":{"line":2,"column":45}},"loc":{"start":{"line":2,"column":89},"end":{"line":10,"column":1}},"line":2},"1":{"name":"adopt","decl":{"start":{"line":3,"column":13},"end":{"line":3,"column":18}},"loc":{"start":{"line":3,"column":26},"end":{"line":3,"column":112}},"line":3},"2":{"name":"(anonymous_2)","decl":{"start":{"line":3,"column":70},"end":{"line":3,"column":71}},"loc":{"start":{"line":3,"column":89},"end":{"line":3,"column":108}},"line":3},"3":{"name":"(anonymous_3)","decl":{"start":{"line":4,"column":36},"end":{"line":4,"column":37}},"loc":{"start":{"line":4,"column":63},"end":{"line":9,"column":5}},"line":4},"4":{"name":"fulfilled","decl":{"start":{"line":5,"column":17},"end":{"line":5,"column":26}},"loc":{"start":{"line":5,"column":34},"end":{"line":5,"column":99}},"line":5},"5":{"name":"rejected","decl":{"start":{"line":6,"column":17},"end":{"line":6,"column":25}},"loc":{"start":{"line":6,"column":33},"end":{"line":6,"column":102}},"line":6},"6":{"name":"step","decl":{"start":{"line":7,"column":17},"end":{"line":7,"column":21}},"loc":{"start":{"line":7,"column":30},"end":{"line":7,"column":118}},"line":7},"7":{"name":"(anonymous_7)","decl":{"start":{"line":11,"column":56},"end":{"line":11,"column":57}},"loc":{"start":{"line":11,"column":71},"end":{"line":13,"column":1}},"line":11},"8":{"name":"(anonymous_8)","decl":{"start":{"line":17,"column":4},"end":{"line":17,"column":5}},"loc":{"start":{"line":17,"column":38},"end":{"line":19,"column":5}},"line":17},"9":{"name":"(anonymous_9)","decl":{"start":{"line":20,"column":4},"end":{"line":20,"column":5}},"loc":{"start":{"line":20,"column":31},"end":{"line":31,"column":5}},"line":20},"10":{"name":"(anonymous_10)","decl":{"start":{"line":21,"column":47},"end":{"line":21,"column":48}},"loc":{"start":{"line":21,"column":60},"end":{"line":30,"column":9}},"line":21}},"branchMap":{"0":{"loc":{"start":{"line":2,"column":16},"end":{"line":10,"column":1}},"type":"binary-expr","locations":[{"start":{"line":2,"column":17},"end":{"line":2,"column":21}},{"start":{"line":2,"column":25},"end":{"line":2,"column":39}},{"start":{"line":2,"column":44},"end":{"line":10,"column":1}}],"line":2},"1":{"loc":{"start":{"line":3,"column":35},"end":{"line":3,"column":109}},"type":"cond-expr","locations":[{"start":{"line":3,"column":56},"end":{"line":3,"column":61}},{"start":{"line":3,"column":64},"end":{"line":3,"column":109}}],"line":3},"2":{"loc":{"start":{"line":4,"column":16},"end":{"line":4,"column":34}},"type":"binary-expr","locations":[{"start":{"line":4,"column":16},"end":{"line":4,"column":17}},{"start":{"line":4,"column":22},"end":{"line":4,"column":33}}],"line":4},"3":{"loc":{"start":{"line":7,"column":32},"end":{"line":7,"column":115}},"type":"cond-expr","locations":[{"start":{"line":7,"column":46},"end":{"line":7,"column":67}},{"start":{"line":7,"column":70},"end":{"line":7,"column":115}}],"line":7},"4":{"loc":{"start":{"line":8,"column":51},"end":{"line":8,"column":67}},"type":"binary-expr","locations":[{"start":{"line":8,"column":51},"end":{"line":8,"column":61}},{"start":{"line":8,"column":65},"end":{"line":8,"column":67}}],"line":8},"5":{"loc":{"start":{"line":11,"column":22},"end":{"line":13,"column":1}},"type":"binary-expr","locations":[{"start":{"line":11,"column":23},"end":{"line":11,"column":27}},{"start":{"line":11,"column":31},"end":{"line":11,"column":51}},{"start":{"line":11,"column":56},"end":{"line":13,"column":1}}],"line":11},"6":{"loc":{"start":{"line":12,"column":11},"end":{"line":12,"column":61}},"type":"cond-expr","locations":[{"start":{"line":12,"column":37},"end":{"line":12,"column":40}},{"start":{"line":12,"column":43},"end":{"line":12,"column":61}}],"line":12},"7":{"loc":{"start":{"line":12,"column":12},"end":{"line":12,"column":33}},"type":"binary-expr","locations":[{"start":{"line":12,"column":12},"end":{"line":12,"column":15}},{"start":{"line":12,"column":19},"end":{"line":12,"column":33}}],"line":12},"8":{"loc":{"start":{"line":24,"column":12},"end":{"line":25,"column":61}},"type":"if","locations":[{"start":{"line":24,"column":12},"end":{"line":25,"column":61}},{"start":{},"end":{}}],"line":24},"9":{"loc":{"start":{"line":26,"column":12},"end":{"line":27,"column":59}},"type":"if","locations":[{"start":{"line":26,"column":12},"end":{"line":27,"column":59}},{"start":{},"end":{}}],"line":26}},"s":{"0":1,"1":2,"2":0,"3":1,"4":2,"5":2,"6":0,"7":0,"8":0,"9":0,"10":3,"11":1,"12":1,"13":1,"14":1,"15":1,"16":1,"17":1,"18":1,"19":1,"20":1,"21":0,"22":1,"23":0,"24":1,"25":1,"26":1},"f":{"0":1,"1":2,"2":0,"3":1,"4":2,"5":0,"6":3,"7":1,"8":1,"9":1,"10":1},"b":{"0":[1,1,1],"1":[2,0],"2":[1,1],"3":[1,2],"4":[1,1],"5":[1,1,1],"6":[1,0],"7":[1,1],"8":[0,1],"9":[0,1]},"_coverageSchema":"1a1c01bbd47fc00a2c39e90264f33305004495a9","hash":"18e8550218bf58a39f166f0e50de7da9f01f53c7"}
,"/Users/andremello/Documents/SCM/github/andremello/clean-arch-typescript/dist/src/core/usecase/GetParkingLot.js": {"path":"/Users/andremello/Documents/SCM/github/andremello/clean-arch-typescript/dist/src/core/usecase/GetParkingLot.js","statementMap":{"0":{"start":{"line":2,"column":0},"end":{"line":2,"column":62}},"1":{"start":{"line":5,"column":8},"end":{"line":5,"column":57}},"2":{"start":{"line":8,"column":8},"end":{"line":8,"column":61}},"3":{"start":{"line":11,"column":0},"end":{"line":11,"column":32}}},"fnMap":{"0":{"name":"(anonymous_0)","decl":{"start":{"line":4,"column":4},"end":{"line":4,"column":5}},"loc":{"start":{"line":4,"column":38},"end":{"line":6,"column":5}},"line":4},"1":{"name":"(anonymous_1)","decl":{"start":{"line":7,"column":4},"end":{"line":7,"column":5}},"loc":{"start":{"line":7,"column":18},"end":{"line":9,"column":5}},"line":7}},"branchMap":{},"s":{"0":1,"1":1,"2":2,"3":1},"f":{"0":1,"1":2},"b":{},"_coverageSchema":"1a1c01bbd47fc00a2c39e90264f33305004495a9","hash":"969335e62d05edfc00d34514c22a0995d61af096"}
,"/Users/andremello/Documents/SCM/github/andremello/clean-arch-typescript/dist/src/infra/database/Database.js": {"path":"/Users/andremello/Documents/SCM/github/andremello/clean-arch-typescript/dist/src/infra/database/Database.js","statementMap":{"0":{"start":{"line":2,"column":22},"end":{"line":4,"column":1}},"1":{"start":{"line":3,"column":4},"end":{"line":3,"column":62}},"2":{"start":{"line":5,"column":0},"end":{"line":5,"column":62}},"3":{"start":{"line":6,"column":21},"end":{"line":6,"column":59}},"4":{"start":{"line":7,"column":12},"end":{"line":7,"column":41}},"5":{"start":{"line":8,"column":11},"end":{"line":15,"column":2}},"6":{"start":{"line":16,"column":0},"end":{"line":16,"column":21}}},"fnMap":{"0":{"name":"(anonymous_0)","decl":{"start":{"line":2,"column":56},"end":{"line":2,"column":57}},"loc":{"start":{"line":2,"column":71},"end":{"line":4,"column":1}},"line":2}},"branchMap":{"0":{"loc":{"start":{"line":2,"column":22},"end":{"line":4,"column":1}},"type":"binary-expr","locations":[{"start":{"line":2,"column":23},"end":{"line":2,"column":27}},{"start":{"line":2,"column":31},"end":{"line":2,"column":51}},{"start":{"line":2,"column":56},"end":{"line":4,"column":1}}],"line":2},"1":{"loc":{"start":{"line":3,"column":11},"end":{"line":3,"column":61}},"type":"cond-expr","locations":[{"start":{"line":3,"column":37},"end":{"line":3,"column":40}},{"start":{"line":3,"column":43},"end":{"line":3,"column":61}}],"line":3},"2":{"loc":{"start":{"line":3,"column":12},"end":{"line":3,"column":33}},"type":"binary-expr","locations":[{"start":{"line":3,"column":12},"end":{"line":3,"column":15}},{"start":{"line":3,"column":19},"end":{"line":3,"column":33}}],"line":3}},"s":{"0":1,"1":1,"2":1,"3":1,"4":1,"5":1,"6":1},"f":{"0":1},"b":{"0":[1,1,1],"1":[0,1],"2":[1,1]},"_coverageSchema":"1a1c01bbd47fc00a2c39e90264f33305004495a9","hash":"26c31eec0b0a99e1f24457860dcd25808bf1e0a2"}
,"/Users/andremello/Documents/SCM/github/andremello/clean-arch-typescript/dist/src/infra/repository/ParkingLotMemoryRepository.js": {"path":"/Users/andremello/Documents/SCM/github/andremello/clean-arch-typescript/dist/src/infra/repository/ParkingLotMemoryRepository.js","statementMap":{"0":{"start":{"line":2,"column":22},"end":{"line":4,"column":1}},"1":{"start":{"line":3,"column":4},"end":{"line":3,"column":62}},"2":{"start":{"line":5,"column":0},"end":{"line":5,"column":62}},"3":{"start":{"line":6,"column":28},"end":{"line":6,"column":87}},"4":{"start":{"line":7,"column":20},"end":{"line":7,"column":75}},"5":{"start":{"line":10,"column":8},"end":{"line":16,"column":15}},"6":{"start":{"line":17,"column":8},"end":{"line":17,"column":29}},"7":{"start":{"line":20,"column":31},"end":{"line":20,"column":92}},"8":{"start":{"line":20,"column":67},"end":{"line":20,"column":91}},"9":{"start":{"line":21,"column":31},"end":{"line":21,"column":53}},"10":{"start":{"line":22,"column":27},"end":{"line":22,"column":174}},"11":{"start":{"line":23,"column":8},"end":{"line":23,"column":43}},"12":{"start":{"line":26,"column":26},"end":{"line":26,"column":68}},"13":{"start":{"line":27,"column":8},"end":{"line":27,"column":40}},"14":{"start":{"line":30,"column":0},"end":{"line":30,"column":45}}},"fnMap":{"0":{"name":"(anonymous_0)","decl":{"start":{"line":2,"column":56},"end":{"line":2,"column":57}},"loc":{"start":{"line":2,"column":71},"end":{"line":4,"column":1}},"line":2},"1":{"name":"(anonymous_1)","decl":{"start":{"line":9,"column":4},"end":{"line":9,"column":5}},"loc":{"start":{"line":9,"column":18},"end":{"line":18,"column":5}},"line":9},"2":{"name":"(anonymous_2)","decl":{"start":{"line":19,"column":4},"end":{"line":19,"column":5}},"loc":{"start":{"line":19,"column":24},"end":{"line":24,"column":5}},"line":19},"3":{"name":"(anonymous_3)","decl":{"start":{"line":20,"column":53},"end":{"line":20,"column":54}},"loc":{"start":{"line":20,"column":67},"end":{"line":20,"column":91}},"line":20},"4":{"name":"(anonymous_4)","decl":{"start":{"line":25,"column":4},"end":{"line":25,"column":5}},"loc":{"start":{"line":25,"column":37},"end":{"line":28,"column":5}},"line":25}},"branchMap":{"0":{"loc":{"start":{"line":2,"column":22},"end":{"line":4,"column":1}},"type":"binary-expr","locations":[{"start":{"line":2,"column":23},"end":{"line":2,"column":27}},{"start":{"line":2,"column":31},"end":{"line":2,"column":51}},{"start":{"line":2,"column":56},"end":{"line":4,"column":1}}],"line":2},"1":{"loc":{"start":{"line":3,"column":11},"end":{"line":3,"column":61}},"type":"cond-expr","locations":[{"start":{"line":3,"column":37},"end":{"line":3,"column":40}},{"start":{"line":3,"column":43},"end":{"line":3,"column":61}}],"line":3},"2":{"loc":{"start":{"line":3,"column":12},"end":{"line":3,"column":33}},"type":"binary-expr","locations":[{"start":{"line":3,"column":12},"end":{"line":3,"column":15}},{"start":{"line":3,"column":19},"end":{"line":3,"column":33}}],"line":3}},"s":{"0":1,"1":2,"2":1,"3":1,"4":1,"5":1,"6":1,"7":0,"8":0,"9":0,"10":0,"11":0,"12":0,"13":0,"14":1},"f":{"0":2,"1":1,"2":0,"3":0,"4":0},"b":{"0":[1,1,1],"1":[2,0],"2":[2,2]},"_coverageSchema":"1a1c01bbd47fc00a2c39e90264f33305004495a9","hash":"6800f9834f0c895b0ad56205c614ee0c7b62efb6"}
,"/Users/andremello/Documents/SCM/github/andremello/clean-arch-typescript/dist/src/infra/repository/ParkingLotSQLRepository.js": {"path":"/Users/andremello/Documents/SCM/github/andremello/clean-arch-typescript/dist/src/infra/repository/ParkingLotSQLRepository.js","statementMap":{"0":{"start":{"line":2,"column":16},"end":{"line":10,"column":1}},"1":{"start":{"line":3,"column":28},"end":{"line":3,"column":110}},"2":{"start":{"line":3,"column":91},"end":{"line":3,"column":106}},"3":{"start":{"line":4,"column":4},"end":{"line":9,"column":7}},"4":{"start":{"line":5,"column":36},"end":{"line":5,"column":97}},"5":{"start":{"line":5,"column":42},"end":{"line":5,"column":70}},"6":{"start":{"line":5,"column":85},"end":{"line":5,"column":95}},"7":{"start":{"line":6,"column":35},"end":{"line":6,"column":100}},"8":{"start":{"line":6,"column":41},"end":{"line":6,"column":73}},"9":{"start":{"line":6,"column":88},"end":{"line":6,"column":98}},"10":{"start":{"line":7,"column":32},"end":{"line":7,"column":116}},"11":{"start":{"line":8,"column":8},"end":{"line":8,"column":78}},"12":{"start":{"line":11,"column":22},"end":{"line":13,"column":1}},"13":{"start":{"line":12,"column":4},"end":{"line":12,"column":62}},"14":{"start":{"line":14,"column":0},"end":{"line":14,"column":62}},"15":{"start":{"line":15,"column":28},"end":{"line":15,"column":87}},"16":{"start":{"line":16,"column":19},"end":{"line":16,"column":67}},"17":{"start":{"line":19,"column":8},"end":{"line":22,"column":11}},"18":{"start":{"line":20,"column":35},"end":{"line":20,"column":212}},"19":{"start":{"line":21,"column":12},"end":{"line":21,"column":185}},"20":{"start":{"line":25,"column":8},"end":{"line":27,"column":11}},"21":{"start":{"line":26,"column":12},"end":{"line":26,"column":128}},"22":{"start":{"line":30,"column":0},"end":{"line":30,"column":42}}},"fnMap":{"0":{"name":"(anonymous_0)","decl":{"start":{"line":2,"column":44},"end":{"line":2,"column":45}},"loc":{"start":{"line":2,"column":89},"end":{"line":10,"column":1}},"line":2},"1":{"name":"adopt","decl":{"start":{"line":3,"column":13},"end":{"line":3,"column":18}},"loc":{"start":{"line":3,"column":26},"end":{"line":3,"column":112}},"line":3},"2":{"name":"(anonymous_2)","decl":{"start":{"line":3,"column":70},"end":{"line":3,"column":71}},"loc":{"start":{"line":3,"column":89},"end":{"line":3,"column":108}},"line":3},"3":{"name":"(anonymous_3)","decl":{"start":{"line":4,"column":36},"end":{"line":4,"column":37}},"loc":{"start":{"line":4,"column":63},"end":{"line":9,"column":5}},"line":4},"4":{"name":"fulfilled","decl":{"start":{"line":5,"column":17},"end":{"line":5,"column":26}},"loc":{"start":{"line":5,"column":34},"end":{"line":5,"column":99}},"line":5},"5":{"name":"rejected","decl":{"start":{"line":6,"column":17},"end":{"line":6,"column":25}},"loc":{"start":{"line":6,"column":33},"end":{"line":6,"column":102}},"line":6},"6":{"name":"step","decl":{"start":{"line":7,"column":17},"end":{"line":7,"column":21}},"loc":{"start":{"line":7,"column":30},"end":{"line":7,"column":118}},"line":7},"7":{"name":"(anonymous_7)","decl":{"start":{"line":11,"column":56},"end":{"line":11,"column":57}},"loc":{"start":{"line":11,"column":71},"end":{"line":13,"column":1}},"line":11},"8":{"name":"(anonymous_8)","decl":{"start":{"line":18,"column":4},"end":{"line":18,"column":5}},"loc":{"start":{"line":18,"column":24},"end":{"line":23,"column":5}},"line":18},"9":{"name":"(anonymous_9)","decl":{"start":{"line":19,"column":47},"end":{"line":19,"column":48}},"loc":{"start":{"line":19,"column":60},"end":{"line":22,"column":9}},"line":19},"10":{"name":"(anonymous_10)","decl":{"start":{"line":24,"column":4},"end":{"line":24,"column":5}},"loc":{"start":{"line":24,"column":37},"end":{"line":28,"column":5}},"line":24},"11":{"name":"(anonymous_11)","decl":{"start":{"line":25,"column":47},"end":{"line":25,"column":48}},"loc":{"start":{"line":25,"column":60},"end":{"line":27,"column":9}},"line":25}},"branchMap":{"0":{"loc":{"start":{"line":2,"column":16},"end":{"line":10,"column":1}},"type":"binary-expr","locations":[{"start":{"line":2,"column":17},"end":{"line":2,"column":21}},{"start":{"line":2,"column":25},"end":{"line":2,"column":39}},{"start":{"line":2,"column":44},"end":{"line":10,"column":1}}],"line":2},"1":{"loc":{"start":{"line":3,"column":35},"end":{"line":3,"column":109}},"type":"cond-expr","locations":[{"start":{"line":3,"column":56},"end":{"line":3,"column":61}},{"start":{"line":3,"column":64},"end":{"line":3,"column":109}}],"line":3},"2":{"loc":{"start":{"line":4,"column":16},"end":{"line":4,"column":34}},"type":"binary-expr","locations":[{"start":{"line":4,"column":16},"end":{"line":4,"column":17}},{"start":{"line":4,"column":22},"end":{"line":4,"column":33}}],"line":4},"3":{"loc":{"start":{"line":7,"column":32},"end":{"line":7,"column":115}},"type":"cond-expr","locations":[{"start":{"line":7,"column":46},"end":{"line":7,"column":67}},{"start":{"line":7,"column":70},"end":{"line":7,"column":115}}],"line":7},"4":{"loc":{"start":{"line":8,"column":51},"end":{"line":8,"column":67}},"type":"binary-expr","locations":[{"start":{"line":8,"column":51},"end":{"line":8,"column":61}},{"start":{"line":8,"column":65},"end":{"line":8,"column":67}}],"line":8},"5":{"loc":{"start":{"line":11,"column":22},"end":{"line":13,"column":1}},"type":"binary-expr","locations":[{"start":{"line":11,"column":23},"end":{"line":11,"column":27}},{"start":{"line":11,"column":31},"end":{"line":11,"column":51}},{"start":{"line":11,"column":56},"end":{"line":13,"column":1}}],"line":11},"6":{"loc":{"start":{"line":12,"column":11},"end":{"line":12,"column":61}},"type":"cond-expr","locations":[{"start":{"line":12,"column":37},"end":{"line":12,"column":40}},{"start":{"line":12,"column":43},"end":{"line":12,"column":61}}],"line":12},"7":{"loc":{"start":{"line":12,"column":12},"end":{"line":12,"column":33}},"type":"binary-expr","locations":[{"start":{"line":12,"column":12},"end":{"line":12,"column":15}},{"start":{"line":12,"column":19},"end":{"line":12,"column":33}}],"line":12}},"s":{"0":1,"1":4,"2":0,"3":4,"4":4,"5":4,"6":0,"7":0,"8":0,"9":0,"10":8,"11":4,"12":1,"13":2,"14":1,"15":1,"16":1,"17":3,"18":3,"19":3,"20":1,"21":1,"22":1},"f":{"0":4,"1":4,"2":0,"3":4,"4":4,"5":0,"6":8,"7":2,"8":3,"9":3,"10":1,"11":1},"b":{"0":[1,1,1],"1":[4,0],"2":[4,4],"3":[4,4],"4":[4,4],"5":[1,1,1],"6":[2,0],"7":[2,2]},"_coverageSchema":"1a1c01bbd47fc00a2c39e90264f33305004495a9","hash":"a3b7ae7a3ec583d9a180a052d7df463746aa0f3a"}
}
